[INFO] 23:27:32:740 Proceso S-AFA/(10475:10475): Inicio del proceso

[INFO] 23:40:21:422 Proceso S-AFA/(11619:11619): Inicio del proceso

[INFO] 00:59:13:163 Proceso S-AFA/(15438:15438): Inicio del proceso

[INFO] 01:02:07:850 Proceso S-AFA/(15890:15890): Inicio del proceso

[INFO] 01:24:15:892 Proceso S-AFA/(15890:15893): Se comenzara el envio de un mensaje...
[INFO] 01:24:15:892 Proceso S-AFA/(15890:15893): Delay de envio de mensaje...

[INFO] 01:24:15:892 Proceso S-AFA/(15890:15893): Se ha finalizado el envio de un mensaje
[INFO] 01:24:15:892 Proceso S-AFA/(15890:15893): Se comenzara el envio de un mensaje...
[INFO] 01:24:15:892 Proceso S-AFA/(15890:15893): Delay de envio de mensaje...

[INFO] 01:24:15:892 Proceso S-AFA/(15890:15893): Se ha finalizado el envio de un mensaje
[INFO] 01:24:15:892 Proceso S-AFA/(15890:15893): Se comenzara el envio de un mensaje...
[INFO] 01:24:15:892 Proceso S-AFA/(15890:15893): Delay de envio de mensaje...

[INFO] 01:24:15:893 Proceso S-AFA/(15890:15893): Se ha finalizado el envio de un mensaje
[INFO] 01:33:29:223 Proceso S-AFA/(17189:17189): Inicio del proceso

[INFO] 01:35:37:284 Proceso S-AFA/(17189:17192): Se comenzara el envio de un mensaje...
[INFO] 01:35:37:284 Proceso S-AFA/(17189:17192): Delay de envio de mensaje...

[INFO] 01:35:37:284 Proceso S-AFA/(17189:17192): Se ha finalizado el envio de un mensaje
[INFO] 01:35:37:323 Proceso S-AFA/(17189:17192): Se comenzara el envio de un mensaje...
[INFO] 01:35:37:323 Proceso S-AFA/(17189:17192): Delay de envio de mensaje...

[INFO] 01:35:37:323 Proceso S-AFA/(17189:17192): Se ha finalizado el envio de un mensaje
[INFO] 01:36:13:531 Proceso S-AFA/(17189:17192): Se comenzara el envio de un mensaje...
[INFO] 01:36:13:531 Proceso S-AFA/(17189:17192): Delay de envio de mensaje...

[INFO] 01:36:13:531 Proceso S-AFA/(17189:17192): Se ha finalizado el envio de un mensaje
[INFO] 01:36:13:571 Proceso S-AFA/(17189:17192): Se comenzara el envio de un mensaje...
[INFO] 01:36:13:571 Proceso S-AFA/(17189:17192): Delay de envio de mensaje...

[INFO] 01:36:13:571 Proceso S-AFA/(17189:17192): Se ha finalizado el envio de un mensaje
[INFO] 01:37:17:577 Proceso S-AFA/(17459:17459): Inicio del proceso

[INFO] 01:37:44:379 Proceso S-AFA/(17459:17462): Se comenzara el envio de un mensaje...
[INFO] 01:37:44:379 Proceso S-AFA/(17459:17462): Delay de envio de mensaje...

[INFO] 01:37:44:379 Proceso S-AFA/(17459:17462): Se ha finalizado el envio de un mensaje
[INFO] 01:37:44:416 Proceso S-AFA/(17459:17462): Se comenzara el envio de un mensaje...
[INFO] 01:37:44:416 Proceso S-AFA/(17459:17462): Delay de envio de mensaje...

[INFO] 01:37:44:416 Proceso S-AFA/(17459:17462): Se ha finalizado el envio de un mensaje
[INFO] 01:41:24:144 Proceso S-AFA/(17913:17913): Inicio del proceso

[INFO] 01:41:50:503 Proceso S-AFA/(17913:17916): Se comenzara el envio de un mensaje...
[INFO] 01:41:50:503 Proceso S-AFA/(17913:17916): Delay de envio de mensaje...

[INFO] 01:41:50:503 Proceso S-AFA/(17913:17916): Se ha finalizado el envio de un mensaje
[INFO] 01:41:50:539 Proceso S-AFA/(17913:17916): Se comenzara el envio de un mensaje...
[INFO] 01:41:50:539 Proceso S-AFA/(17913:17916): Delay de envio de mensaje...

[INFO] 01:41:50:539 Proceso S-AFA/(17913:17916): Se ha finalizado el envio de un mensaje
[INFO] 01:45:12:615 Proceso S-AFA/(18184:18184): Inicio del proceso

[INFO] 01:45:28:677 Proceso S-AFA/(18184:18187): Se comenzara el envio de un mensaje...
[INFO] 01:45:28:677 Proceso S-AFA/(18184:18187): Delay de envio de mensaje...

[INFO] 01:45:28:677 Proceso S-AFA/(18184:18187): Se ha finalizado el envio de un mensaje
[INFO] 01:45:28:716 Proceso S-AFA/(18184:18187): Se comenzara el envio de un mensaje...
[INFO] 01:45:28:716 Proceso S-AFA/(18184:18187): Delay de envio de mensaje...

[INFO] 01:45:28:716 Proceso S-AFA/(18184:18187): Se ha finalizado el envio de un mensaje
[INFO] 02:16:25:365 Proceso S-AFA/(19084:19084): Inicio del proceso

[INFO] 02:16:41:331 Proceso S-AFA/(19084:19090): Se comenzara el envio de un mensaje...
[INFO] 02:16:41:331 Proceso S-AFA/(19084:19090): Delay de envio de mensaje...

[INFO] 02:16:41:331 Proceso S-AFA/(19084:19090): Se ha finalizado el envio de un mensaje
[INFO] 02:16:41:371 Proceso S-AFA/(19084:19090): Se comenzara el envio de un mensaje...
[INFO] 02:16:41:371 Proceso S-AFA/(19084:19090): Delay de envio de mensaje...

[INFO] 02:16:41:371 Proceso S-AFA/(19084:19090): Se ha finalizado el envio de un mensaje
[INFO] 02:18:57:550 Proceso S-AFA/(19265:19265): Inicio del proceso

[INFO] 02:22:57:280 Proceso S-AFA/(19393:19393): Inicio del proceso

[INFO] 02:24:54:438 Proceso S-AFA/(19448:19448): Inicio del proceso

[INFO] 03:31:02:841 Proceso S-AFA/(21754:21754): Inicio del proceso

[INFO] 03:31:21:784 Proceso S-AFA/(21754:21757): Se comenzara el envio de un mensaje...
[INFO] 03:31:21:784 Proceso S-AFA/(21754:21757): Delay de envio de mensaje...

[INFO] 03:31:21:785 Proceso S-AFA/(21754:21757): Se ha finalizado el envio de un mensaje
[INFO] 03:31:21:823 Proceso S-AFA/(21754:21757): Se comenzara el envio de un mensaje...
[INFO] 03:31:21:823 Proceso S-AFA/(21754:21757): Delay de envio de mensaje...

[INFO] 03:31:21:823 Proceso S-AFA/(21754:21757): Se ha finalizado el envio de un mensaje
[INFO] 03:31:35:595 Proceso S-AFA/(21754:21754): Se creo un proceso con id 1!
[INFO] 03:31:35:595 Proceso S-AFA/(21754:21759): El proceso con id 1 fue aceptado en la cola de listos!
[INFO] 03:31:46:125 Proceso S-AFA/(21902:21902): Inicio del proceso

[INFO] 03:31:51:373 Proceso S-AFA/(21912:21912): Inicio del proceso

[INFO] 03:32:05:960 Proceso S-AFA/(21912:21912): Se creo un proceso con id 1!
[INFO] 03:32:05:972 Proceso S-AFA/(21912:21917): El proceso con id 1 fue aceptado en la cola de listos!
[INFO] 03:33:23:518 Proceso S-AFA/(21994:21994): Inicio del proceso

[INFO] 03:33:40:556 Proceso S-AFA/(21994:21994): Se creo un proceso con id 1!
[INFO] 03:33:40:556 Proceso S-AFA/(21994:21999): El proceso con id 1 fue aceptado en la cola de listos!
[INFO] 03:33:40:556 Proceso S-AFA/(21994:21999): No hay CPUs disponibles para inicializar el proceso con id 1. Se dejara en la cola de listos (sin poder ser planificado) a la espera de que se libere una CPU
[INFO] 03:33:40:556 Proceso S-AFA/(21994:21999): LTS: Se encontraron procesos en la cola de listos. Se intentara activar el STS
[INFO] 03:33:40:556 Proceso S-AFA/(21994:21998): No es posible planificar ya que no hay procesos listos
Se debe crear un nuevo proceso, o desbloquear uno ya existente, para poder planificar
[INFO] 03:33:45:179 Proceso S-AFA/(22007:22007): Inicio del proceso

[INFO] 03:34:04:160 Proceso S-AFA/(22007:22007): Se creo un proceso con id 1!
[INFO] 03:34:04:165 Proceso S-AFA/(22007:22013): El proceso con id 1 fue aceptado en la cola de listos!
[INFO] 03:34:04:170 Proceso S-AFA/(22007:22013): No hay CPUs disponibles para inicializar el proceso con id 1. Se dejara en la cola de listos (sin poder ser planificado) a la espera de que se libere una CPU
[INFO] 03:34:04:170 Proceso S-AFA/(22007:22013): LTS: Se encontraron procesos en la cola de listos. Se intentara activar el STS
[INFO] 03:34:04:172 Proceso S-AFA/(22007:22012): No es posible planificar ya que no hay procesos listos
Se debe crear un nuevo proceso, o desbloquear uno ya existente, para poder planificar
[INFO] 03:35:53:46 Proceso S-AFA/(22064:22064): Inicio del proceso

[INFO] 03:35:58:734 Proceso S-AFA/(22064:22064): Se creo un proceso con id 1!
[INFO] 03:35:58:745 Proceso S-AFA/(22064:22069): El proceso con id 1 fue aceptado en la cola de listos!
[INFO] 03:35:58:747 Proceso S-AFA/(22064:22069): No hay CPUs disponibles para inicializar el proceso con id 1. Se dejara en la cola de listos (sin poder ser planificado) a la espera de que se libere una CPU
[INFO] 03:35:58:748 Proceso S-AFA/(22064:22069): LTS: Se encontraron procesos en la cola de listos. Se intentara activar el STS
[INFO] 03:35:58:751 Proceso S-AFA/(22064:22068): No es posible planificar ya que no hay procesos listos
Se debe crear un nuevo proceso, o desbloquear uno ya existente, para poder planificar
[INFO] 03:37:02:264 Proceso S-AFA/(22253:22253): Inicio del proceso

[INFO] 03:37:15:899 Proceso S-AFA/(22253:22253): Se creo un proceso con id 1!
[INFO] 03:37:15:899 Proceso S-AFA/(22253:22258): El proceso con id 1 fue aceptado en la cola de listos!
[INFO] 03:37:15:899 Proceso S-AFA/(22253:22258): No hay CPUs disponibles para inicializar el proceso con id 1. Se dejara en la cola de listos (sin poder ser planificado) a la espera de que se libere una CPU
[INFO] 03:37:15:899 Proceso S-AFA/(22253:22258): LTS: Se encontraron procesos en la cola de listos. Se intentara activar el STS
[INFO] 03:37:15:899 Proceso S-AFA/(22253:22257): No es posible planificar ya que no hay procesos listos
Se debe crear un nuevo proceso, o desbloquear uno ya existente, para poder planificar
[INFO] 03:42:18:257 Proceso S-AFA/(22253:22256): Se comenzara el envio de un mensaje...
[INFO] 03:42:18:257 Proceso S-AFA/(22253:22256): Delay de envio de mensaje...

[INFO] 03:42:18:257 Proceso S-AFA/(22253:22256): Se ha finalizado el envio de un mensaje
[INFO] 03:42:18:295 Proceso S-AFA/(22253:22256): Se comenzara el envio de un mensaje...
[INFO] 03:42:18:295 Proceso S-AFA/(22253:22256): Delay de envio de mensaje...

[INFO] 03:42:18:296 Proceso S-AFA/(22253:22256): Se ha finalizado el envio de un mensaje
